<?xml version="1.0" encoding="UTF-8"?>
<!-- Generated by org.testng.reporters.JUnitXMLReporter -->
<testsuite hostname="LAPTOP-V2LQLCOS" ignored="0" name="Web Tests" tests="12" failures="0" timestamp="2022-03-05T16:10:56 IST" time="33.392" errors="0">
  <testcase name="test01_verifyTitle" time="0.396" classname="sanity.SauceDemoWeb"/>
  <testcase name="test02_verifyItemsNumber" time="0.134" classname="sanity.SauceDemoWeb"/>
  <testcase name="test03_add_and_removeItemsFromInventory" time="0.823" classname="sanity.SauceDemoWeb"/>
  <testcase name="test04_verify_low_to_high_sortingItems" time="0.675" classname="sanity.SauceDemoWeb"/>
  <testcase name="test05_verify_AllElementsDisplay" time="0.253" classname="sanity.SauceDemoWeb"/>
  <testcase name="test06_verify_visualization_primary_header_logo" time="2.454" classname="sanity.SauceDemoWeb"/>
  <testcase name="test07_verify_product_exists_inCart" time="0.356" classname="sanity.SauceDemoWeb"/>
  <testcase name="test07_verify_product_exists_inCart" time="0.447" classname="sanity.SauceDemoWeb"/>
  <testcase name="test07_verify_product_exists_inCart" time="0.555" classname="sanity.SauceDemoWeb"/>
  <testcase name="test07_verify_product_exists_inCart" time="0.638" classname="sanity.SauceDemoWeb"/>
  <testcase name="test07_verify_product_exists_inCart" time="0.772" classname="sanity.SauceDemoWeb"/>
  <testcase name="test07_verify_product_exists_inCart" time="0.858" classname="sanity.SauceDemoWeb"/>
</testsuite> <!-- Web Tests -->
