<?xml version="1.0" encoding="UTF-8"?>
<!-- Generated by org.testng.reporters.JUnitXMLReporter -->
<testsuite hostname="LAPTOP-V2LQLCOS" ignored="0" name="Web Tests" tests="12" failures="0" timestamp="2022-03-03T12:57:02 IST" time="28.449" errors="0">
  <testcase name="test01_verifyTitle" time="0.428" classname="sanity.SauceDemoWeb"/>
  <testcase name="test02_verifyItemsNumber" time="0.189" classname="sanity.SauceDemoWeb"/>
  <testcase name="test03_add_and_removeItemsFromInventory" time="1.541" classname="sanity.SauceDemoWeb"/>
  <testcase name="test04_verify_low_to_high_sortingItems" time="0.793" classname="sanity.SauceDemoWeb"/>
  <testcase name="test05_verify_AllElementsDisplay" time="0.346" classname="sanity.SauceDemoWeb"/>
  <testcase name="test06_verify_visualization_primary_header_logo" time="1.715" classname="sanity.SauceDemoWeb"/>
  <testcase name="test07_verify_product_exists_inCart" time="0.476" classname="sanity.SauceDemoWeb"/>
  <testcase name="test07_verify_product_exists_inCart" time="0.569" classname="sanity.SauceDemoWeb"/>
  <testcase name="test07_verify_product_exists_inCart" time="0.635" classname="sanity.SauceDemoWeb"/>
  <testcase name="test07_verify_product_exists_inCart" time="0.787" classname="sanity.SauceDemoWeb"/>
  <testcase name="test07_verify_product_exists_inCart" time="0.86" classname="sanity.SauceDemoWeb"/>
  <testcase name="test07_verify_product_exists_inCart" time="0.952" classname="sanity.SauceDemoWeb"/>
</testsuite> <!-- Web Tests -->
