<?xml version="1.0" encoding="UTF-8"?>
<!-- Generated by org.testng.reporters.JUnitXMLReporter -->
<testsuite hostname="LAPTOP-V2LQLCOS" ignored="0" name="Mobile Tests" tests="5" failures="0" timestamp="2022-04-04T22:46:36 IDT" time="138.694" errors="0">
  <testcase name="test01_verifyFailedMortgageCalculation" time="9.661" classname="sanity.MortgageMobile"/>
  <testcase name="test02_verifyMortgageCalculation" time="8.286" classname="sanity.MortgageMobile"/>
  <testcase name="test03_verifySavedMortgageCalculation" time="11.503" classname="sanity.MortgageMobile"/>
  <testcase name="test04_verifyRemovingSavedMortgageCalculation" time="19.591" classname="sanity.MortgageMobile"/>
  <testcase name="test05_verifySavingMortgageCalculation" time="30.62" classname="sanity.MortgageMobile"/>
</testsuite> <!-- Mobile Tests -->
