<?xml version="1.0" encoding="UTF-8"?>
<!-- Generated by org.testng.reporters.JUnitXMLReporter -->
<testsuite hostname="LAPTOP-V2LQLCOS" ignored="0" name="Mobile Tests" tests="5" failures="0" timestamp="2022-04-05T18:30:25 IDT" time="120.269" errors="0">
  <testcase name="test01_verifyFailedMortgageCalculation" time="7.465" classname="sanity.MortgageMobile"/>
  <testcase name="test02_verifyMortgageCalculation" time="7.291" classname="sanity.MortgageMobile"/>
  <testcase name="test03_verifySavedMortgageCalculation" time="9.865" classname="sanity.MortgageMobile"/>
  <testcase name="test04_verifyRemovingSavedMortgageCalculation" time="16.893" classname="sanity.MortgageMobile"/>
  <testcase name="test05_verifySavingMortgageCalculation" time="25.183" classname="sanity.MortgageMobile"/>
</testsuite> <!-- Mobile Tests -->
