<?xml version="1.0" encoding="UTF-8"?>
<testsuite xmlns:xsi="http://www.w3.org/2001/XMLSchema-instance" xsi:noNamespaceSchemaLocation="https://maven.apache.org/surefire/maven-surefire-plugin/xsd/surefire-test-report.xsd" name="TestSuite" time="43.954" tests="12" errors="0" skipped="0" failures="1">
  <properties>
    <property name="java.runtime.name" value="Java(TM) SE Runtime Environment"/>
    <property name="sun.boot.library.path" value="C:\Program Files\Java\jdk1.8.0_301\jre\bin"/>
    <property name="java.vm.version" value="25.301-b09"/>
    <property name="user.country.format" value="IL"/>
    <property name="java.vm.vendor" value="Oracle Corporation"/>
    <property name="maven.multiModuleProjectDirectory" value="C:\Users\liorc\IdeaProjects\AutomationCourse_FinalProject"/>
    <property name="java.vendor.url" value="http://java.oracle.com/"/>
    <property name="path.separator" value=";"/>
    <property name="guice.disable.misplaced.annotation.check" value="true"/>
    <property name="java.vm.name" value="Java HotSpot(TM) 64-Bit Server VM"/>
    <property name="file.encoding.pkg" value="sun.io"/>
    <property name="user.script" value=""/>
    <property name="user.country" value="GB"/>
    <property name="sun.java.launcher" value="SUN_STANDARD"/>
    <property name="sun.os.patch.level" value=""/>
    <property name="java.vm.specification.name" value="Java Virtual Machine Specification"/>
    <property name="user.dir" value="C:\Users\liorc\IdeaProjects\AutomationCourse_FinalProject"/>
    <property name="java.runtime.version" value="1.8.0_301-b09"/>
    <property name="java.awt.graphicsenv" value="sun.awt.Win32GraphicsEnvironment"/>
    <property name="java.endorsed.dirs" value="C:\Program Files\Java\jdk1.8.0_301\jre\lib\endorsed"/>
    <property name="os.arch" value="amd64"/>
    <property name="java.io.tmpdir" value="C:\Users\liorc\AppData\Local\Temp\"/>
    <property name="line.separator" value="&#10;"/>
    <property name="java.vm.specification.vendor" value="Oracle Corporation"/>
    <property name="user.variant" value=""/>
    <property name="os.name" value="Windows 10"/>
    <property name="classworlds.conf" value="C:\Program Files\apache-maven-3.8.2\bin\m2.conf"/>
    <property name="sun.jnu.encoding" value="Cp1255"/>
    <property name="java.library.path" value="C:\Program Files\Java\jdk1.8.0_301\bin;C:\WINDOWS\Sun\Java\bin;C:\WINDOWS\system32;C:\WINDOWS;C:\Program Files (x86)\VMware\VMware Workstation\bin\;C:\Program Files (x86)\Common Files\Oracle\Java\javapath;C:\ProgramData\Oracle\Java\javapath;C:\WINDOWS\system32;C:\WINDOWS;C:\WINDOWS\System32\Wbem;C:\WINDOWS\System32\WindowsPowerShell\v1.0\;C:\WINDOWS\System32\OpenSSH\;C:\Program Files\nodejs\;C:\Program Files\Intel\Intel(R) Memory and Storage Tool\;C:\Users\liorc\AppData\Local\Programs\Python\Python39;C:\Users\liorc\AppData\Local\Programs\Python\Python39\Scripts;C:\Users\liorc\AppData\Local\Programs\Python\Python39\Lib\site-packages;C:\Users\liorc\AppData\Local\Android\Sdk\platform-tools;C:\Program Files\Java\jdk1.8.0_301\bin;C:\Program Files\apache-maven-3.8.2\bin;C:\Program Files\PostgreSQL\13\bin;C:\Users\liorc\Desktop\apache-jmeter-5.4.1\bin;C:\minikube;C:\Program Files\Git\cmd;C:\Program Files\OpenSSL-Win64\bin;C:\Users\liorc\AppData\Local\Android\Sdk\tools\bin;C:\Users\liorc\AppData\Roaming\Python\Python39\Scripts;C:\Program Files\Docker\Docker\resources\bin;C:\ProgramData\DockerDesktop\version-bin;C:\Users\liorc\Automation\allure-2.17.2\bin;C:\Users\liorc\AppData\Local\Microsoft\WindowsApps;C:\Users\liorc\AppData\Roaming\npm;C:\Users\liorc\AppData\Local\Programs\Microsoft VS Code\bin;."/>
    <property name="maven.conf" value="C:\Program Files\apache-maven-3.8.2/conf"/>
    <property name="java.specification.name" value="Java Platform API Specification"/>
    <property name="java.class.version" value="52.0"/>
    <property name="sun.management.compiler" value="HotSpot 64-Bit Tiered Compilers"/>
    <property name="os.version" value="10.0"/>
    <property name="user.home" value="C:\Users\liorc"/>
    <property name="user.timezone" value="Asia/Jerusalem"/>
    <property name="java.awt.printerjob" value="sun.awt.windows.WPrinterJob"/>
    <property name="java.specification.version" value="1.8"/>
    <property name="file.encoding" value="Cp1255"/>
    <property name="user.name" value="liorc"/>
    <property name="java.class.path" value="C:\Program Files\apache-maven-3.8.2\boot\plexus-classworlds-2.6.0.jar"/>
    <property name="java.vm.specification.version" value="1.8"/>
    <property name="sun.arch.data.model" value="64"/>
    <property name="java.home" value="C:\Program Files\Java\jdk1.8.0_301\jre"/>
    <property name="sun.java.command" value="org.codehaus.plexus.classworlds.launcher.Launcher test clean"/>
    <property name="java.specification.vendor" value="Oracle Corporation"/>
    <property name="user.language" value="en"/>
    <property name="awt.toolkit" value="sun.awt.windows.WToolkit"/>
    <property name="java.vm.info" value="mixed mode"/>
    <property name="java.version" value="1.8.0_301"/>
    <property name="java.ext.dirs" value="C:\Program Files\Java\jdk1.8.0_301\jre\lib\ext;C:\WINDOWS\Sun\Java\lib\ext"/>
    <property name="sun.boot.class.path" value="C:\Program Files\Java\jdk1.8.0_301\jre\lib\resources.jar;C:\Program Files\Java\jdk1.8.0_301\jre\lib\rt.jar;C:\Program Files\Java\jdk1.8.0_301\jre\lib\sunrsasign.jar;C:\Program Files\Java\jdk1.8.0_301\jre\lib\jsse.jar;C:\Program Files\Java\jdk1.8.0_301\jre\lib\jce.jar;C:\Program Files\Java\jdk1.8.0_301\jre\lib\charsets.jar;C:\Program Files\Java\jdk1.8.0_301\jre\lib\jfr.jar;C:\Program Files\Java\jdk1.8.0_301\jre\classes"/>
    <property name="sun.stderr.encoding" value="cp862"/>
    <property name="java.vendor" value="Oracle Corporation"/>
    <property name="maven.home" value="C:\Program Files\apache-maven-3.8.2"/>
    <property name="file.separator" value="\"/>
    <property name="java.vendor.url.bug" value="http://bugreport.sun.com/bugreport/"/>
    <property name="sun.cpu.endian" value="little"/>
    <property name="sun.io.unicode.encoding" value="UnicodeLittle"/>
    <property name="sun.stdout.encoding" value="cp862"/>
    <property name="sun.desktop" value="windows"/>
    <property name="sun.cpu.isalist" value="amd64"/>
  </properties>
  <testcase name="test01_verifyTitle" classname="sanity.SauceDemoWeb" time="0.276"/>
  <testcase name="test02_verifyItemsNumber" classname="sanity.SauceDemoWeb" time="0.166"/>
  <testcase name="test03_add_and_removeItemsFromInventory" classname="sanity.SauceDemoWeb" time="0.859"/>
  <testcase name="test04_verify_low_to_high_sortingItems" classname="sanity.SauceDemoWeb" time="0.628"/>
  <testcase name="test05_verify_AllElementsDisplay" classname="sanity.SauceDemoWeb" time="0.284"/>
  <testcase name="test06_verify_visualization_primary_header_logo" classname="sanity.SauceDemoWeb" time="21.073">
    <failure message="Error comparing image file FindFailed: C:\Users\liorc\IdeaProjects\AutomationCourse_FinalProject\ImageRepository\test06_verify_visualization_primary_header_logo.png: (207x51) in R[0,0 1920x1080]@S(0)&#10;  Line 2226, in file Region.java&#10;" type="java.lang.AssertionError">java.lang.AssertionError: 
Error comparing image file FindFailed: C:\Users\liorc\IdeaProjects\AutomationCourse_FinalProject\ImageRepository\test06_verify_visualization_primary_header_logo.png: (207x51) in R[0,0 1920x1080]@S(0)
  Line 2226, in file Region.java

	at sanity.SauceDemoWeb.test06_verify_visualization_primary_header_logo(SauceDemoWeb.java:59)
</failure>
    <system-out><![CDATA[Recorded Screen Cast File is Now Created
---------Staring Test: test06_verify_visualization_primary_header_logo ------
---------Test:test06_verify_visualization_primary_header_logo Failed------
Recorded Screen Cast File Stop Recording
]]></system-out>
  </testcase>
  <testcase name="test07_verify_product_exists_inCart" classname="sanity.SauceDemoWeb" time="0.479"/>
  <testcase name="test07_verify_product_exists_inCart" classname="sanity.SauceDemoWeb" time="0.553"/>
  <testcase name="test07_verify_product_exists_inCart" classname="sanity.SauceDemoWeb" time="0.678"/>
  <testcase name="test07_verify_product_exists_inCart" classname="sanity.SauceDemoWeb" time="0.707"/>
  <testcase name="test07_verify_product_exists_inCart" classname="sanity.SauceDemoWeb" time="0.837"/>
  <testcase name="test07_verify_product_exists_inCart" classname="sanity.SauceDemoWeb" time="0.885"/>
</testsuite>