<?xml version="1.0" encoding="UTF-8"?>
<testsuite xmlns:xsi="http://www.w3.org/2001/XMLSchema-instance" xsi:noNamespaceSchemaLocation="https://maven.apache.org/surefire/maven-surefire-plugin/xsd/surefire-test-report.xsd" name="TestSuite" time="29.47" tests="5" errors="0" skipped="0" failures="0">
  <properties>
[...]
</properties>
  <testcase name="test01_addAndVerifyNewTask" classname="sanity.ToDoElectron" time="3.335"/>
  <testcase name="test02_addAndVerifyNewTasks" classname="sanity.ToDoElectron" time="0.965"/>
  <testcase name="test03_addAndVerifyCompletedTasks" classname="sanity.ToDoElectron" time="2.765"/>
  <testcase name="test04_addAndVerifyTodoTasks" classname="sanity.ToDoElectron" time="2.9"/>
  <testcase name="test05_addAndVerifyColorTasks" classname="sanity.ToDoElectron" time="3.399"/>
</testsuite>