<?xml version="1.0" encoding="UTF-8"?>
<testsuite xmlns:xsi="http://www.w3.org/2001/XMLSchema-instance" xsi:noNamespaceSchemaLocation="https://maven.apache.org/surefire/maven-surefire-plugin/xsd/surefire-test-report.xsd" name="TestSuite" time="43.954" tests="12" errors="0" skipped="0" failures="1">
  <properties>
[...]
</properties>
  <testcase name="test01_verifyTitle" classname="sanity.SauceDemoWeb" time="0.276"/>
  <testcase name="test02_verifyItemsNumber" classname="sanity.SauceDemoWeb" time="0.166"/>
  <testcase name="test03_add_and_removeItemsFromInventory" classname="sanity.SauceDemoWeb" time="0.859"/>
  <testcase name="test04_verify_low_to_high_sortingItems" classname="sanity.SauceDemoWeb" time="0.628"/>
  <testcase name="test05_verify_AllElementsDisplay" classname="sanity.SauceDemoWeb" time="0.284"/>
  <testcase name="test06_verify_visualization_primary_header_logo" classname="sanity.SauceDemoWeb" time="21.073">
    <failure message="Error comparing image file FindFailed: C:\Users\liorc\IdeaProjects\AutomationCourse_FinalProject\ImageRepository\test06_verify_visualization_primary_header_logo.png: (207x51) in R[0,0 1920x1080]@S(0)&#10;  Line 2226, in file Region.java&#10;" type="java.lang.AssertionError">java.lang.AssertionError: 
Error comparing image file FindFailed: C:\Users\liorc\IdeaProjects\AutomationCourse_FinalProject\ImageRepository\test06_verify_visualization_primary_header_logo.png: (207x51) in R[0,0 1920x1080]@S(0)
  Line 2226, in file Region.java

	at sanity.SauceDemoWeb.test06_verify_visualization_primary_header_logo(SauceDemoWeb.java:59)
</failure>
    <system-out><![CDATA[Recorded Screen Cast File is Now Created
---------Staring Test: test06_verify_visualization_primary_header_logo ------
---------Test:test06_verify_visualization_primary_header_logo Failed------
Recorded Screen Cast File Stop Recording
]]></system-out>
  </testcase>
  <testcase name="test07_verify_product_exists_inCart" classname="sanity.SauceDemoWeb" time="0.479"/>
  <testcase name="test07_verify_product_exists_inCart" classname="sanity.SauceDemoWeb" time="0.553"/>
  <testcase name="test07_verify_product_exists_inCart" classname="sanity.SauceDemoWeb" time="0.678"/>
  <testcase name="test07_verify_product_exists_inCart" classname="sanity.SauceDemoWeb" time="0.707"/>
  <testcase name="test07_verify_product_exists_inCart" classname="sanity.SauceDemoWeb" time="0.837"/>
  <testcase name="test07_verify_product_exists_inCart" classname="sanity.SauceDemoWeb" time="0.885"/>
</testsuite>