<?xml version="1.0" encoding="UTF-8"?>
<testng-results skipped="0" failed="0" ignored="0" total="5" passed="5">
  <reporter-output>
  </reporter-output>
  <suite name="Electron Suite" duration-ms="28153" started-at="2022-04-03T21:59:34 IDT" finished-at="2022-04-03T22:00:02 IDT">
    <groups>
    </groups>
    <test name="Electron Tests" duration-ms="28153" started-at="2022-04-03T21:59:34 IDT" finished-at="2022-04-03T22:00:02 IDT">
      <class name="sanity.ToDoElectron">
        <test-method status="PASS" signature="beforeClass(java.lang.String,java.lang.String)[pri:0, instance:sanity.ToDoElectron@c41709a]" name="beforeClass" is-config="true" duration-ms="5304" started-at="2022-04-03T21:59:34 IDT" finished-at="2022-04-03T21:59:39 IDT">
          <params>
            <param index="0">
              <value>
                <![CDATA[electron]]>
              </value>
            </param>
            <param index="1">
              <value>
                <![CDATA[DDTFile]]>
              </value>
            </param>
          </params>
          <reporter-output>
          </reporter-output>
        </test-method> <!-- beforeClass -->
        <test-method status="PASS" signature="beforeMethod(java.lang.reflect.Method)[pri:0, instance:sanity.ToDoElectron@c41709a]" name="beforeMethod" is-config="true" duration-ms="143" started-at="2022-04-03T21:59:39 IDT" finished-at="2022-04-03T21:59:40 IDT">
          <params>
            <param index="0">
              <value>
                <![CDATA[public void sanity.ToDoElectron.test01_addAndVerifyNewTask()]]>
              </value>
            </param>
          </params>
          <reporter-output>
          </reporter-output>
        </test-method> <!-- beforeMethod -->
        <test-method status="PASS" signature="test01_addAndVerifyNewTask()[pri:0, instance:sanity.ToDoElectron@c41709a]" name="test01_addAndVerifyNewTask" duration-ms="3241" started-at="2022-04-03T21:59:40 IDT" description="Test01 - Add And Verify a New Task " finished-at="2022-04-03T21:59:43 IDT">
          <reporter-output>
          </reporter-output>
        </test-method> <!-- test01_addAndVerifyNewTask -->
        <test-method status="PASS" signature="afterMethod()[pri:0, instance:sanity.ToDoElectron@c41709a]" name="afterMethod" is-config="true" duration-ms="1958" started-at="2022-04-03T21:59:43 IDT" finished-at="2022-04-03T21:59:45 IDT">
          <reporter-output>
          </reporter-output>
        </test-method> <!-- afterMethod -->
        <test-method status="PASS" signature="beforeMethod(java.lang.reflect.Method)[pri:0, instance:sanity.ToDoElectron@c41709a]" name="beforeMethod" is-config="true" duration-ms="9" started-at="2022-04-03T21:59:45 IDT" finished-at="2022-04-03T21:59:45 IDT">
          <params>
            <param index="0">
              <value>
                <![CDATA[public void sanity.ToDoElectron.test02_addAndVerifyNewTasks()]]>
              </value>
            </param>
          </params>
          <reporter-output>
          </reporter-output>
        </test-method> <!-- beforeMethod -->
        <test-method status="PASS" signature="test02_addAndVerifyNewTasks()[pri:0, instance:sanity.ToDoElectron@c41709a]" name="test02_addAndVerifyNewTasks" duration-ms="887" started-at="2022-04-03T21:59:45 IDT" description="Test02 - Add And Verify New Tasks" finished-at="2022-04-03T21:59:46 IDT">
          <reporter-output>
          </reporter-output>
        </test-method> <!-- test02_addAndVerifyNewTasks -->
        <test-method status="PASS" signature="afterMethod()[pri:0, instance:sanity.ToDoElectron@c41709a]" name="afterMethod" is-config="true" duration-ms="1750" started-at="2022-04-03T21:59:46 IDT" finished-at="2022-04-03T21:59:48 IDT">
          <reporter-output>
          </reporter-output>
        </test-method> <!-- afterMethod -->
        <test-method status="PASS" signature="beforeMethod(java.lang.reflect.Method)[pri:0, instance:sanity.ToDoElectron@c41709a]" name="beforeMethod" is-config="true" duration-ms="9" started-at="2022-04-03T21:59:48 IDT" finished-at="2022-04-03T21:59:48 IDT">
          <params>
            <param index="0">
              <value>
                <![CDATA[public void sanity.ToDoElectron.test03_addAndVerifyCompletedTasks()]]>
              </value>
            </param>
          </params>
          <reporter-output>
          </reporter-output>
        </test-method> <!-- beforeMethod -->
        <test-method status="PASS" signature="test03_addAndVerifyCompletedTasks()[pri:0, instance:sanity.ToDoElectron@c41709a]" name="test03_addAndVerifyCompletedTasks" duration-ms="2681" started-at="2022-04-03T21:59:48 IDT" description="Test03 - Add And Verify Completed Tasks Filter" finished-at="2022-04-03T21:59:50 IDT">
          <reporter-output>
          </reporter-output>
        </test-method> <!-- test03_addAndVerifyCompletedTasks -->
        <test-method status="PASS" signature="afterMethod()[pri:0, instance:sanity.ToDoElectron@c41709a]" name="afterMethod" is-config="true" duration-ms="1685" started-at="2022-04-03T21:59:50 IDT" finished-at="2022-04-03T21:59:52 IDT">
          <reporter-output>
          </reporter-output>
        </test-method> <!-- afterMethod -->
        <test-method status="PASS" signature="beforeMethod(java.lang.reflect.Method)[pri:0, instance:sanity.ToDoElectron@c41709a]" name="beforeMethod" is-config="true" duration-ms="10" started-at="2022-04-03T21:59:52 IDT" finished-at="2022-04-03T21:59:52 IDT">
          <params>
            <param index="0">
              <value>
                <![CDATA[public void sanity.ToDoElectron.test04_addAndVerifyTodoTasks()]]>
              </value>
            </param>
          </params>
          <reporter-output>
          </reporter-output>
        </test-method> <!-- beforeMethod -->
        <test-method status="PASS" signature="test04_addAndVerifyTodoTasks()[pri:0, instance:sanity.ToDoElectron@c41709a]" name="test04_addAndVerifyTodoTasks" duration-ms="2847" started-at="2022-04-03T21:59:52 IDT" description="Test04 - Add And Verify Todo Tasks Filter" finished-at="2022-04-03T21:59:55 IDT">
          <reporter-output>
          </reporter-output>
        </test-method> <!-- test04_addAndVerifyTodoTasks -->
        <test-method status="PASS" signature="afterMethod()[pri:0, instance:sanity.ToDoElectron@c41709a]" name="afterMethod" is-config="true" duration-ms="1876" started-at="2022-04-03T21:59:55 IDT" finished-at="2022-04-03T21:59:57 IDT">
          <reporter-output>
          </reporter-output>
        </test-method> <!-- afterMethod -->
        <test-method status="PASS" signature="beforeMethod(java.lang.reflect.Method)[pri:0, instance:sanity.ToDoElectron@c41709a]" name="beforeMethod" is-config="true" duration-ms="10" started-at="2022-04-03T21:59:57 IDT" finished-at="2022-04-03T21:59:57 IDT">
          <params>
            <param index="0">
              <value>
                <![CDATA[public void sanity.ToDoElectron.test05_addAndVerifyColorTasks()]]>
              </value>
            </param>
          </params>
          <reporter-output>
          </reporter-output>
        </test-method> <!-- beforeMethod -->
        <test-method status="PASS" signature="test05_addAndVerifyColorTasks()[pri:0, instance:sanity.ToDoElectron@c41709a]" name="test05_addAndVerifyColorTasks" duration-ms="3331" started-at="2022-04-03T21:59:57 IDT" description="Test05 - Add And Verify Color Mark Tasks Filter" finished-at="2022-04-03T22:00:00 IDT">
          <reporter-output>
          </reporter-output>
        </test-method> <!-- test05_addAndVerifyColorTasks -->
        <test-method status="PASS" signature="afterMethod()[pri:0, instance:sanity.ToDoElectron@c41709a]" name="afterMethod" is-config="true" duration-ms="1641" started-at="2022-04-03T22:00:00 IDT" finished-at="2022-04-03T22:00:02 IDT">
          <reporter-output>
          </reporter-output>
        </test-method> <!-- afterMethod -->
        <test-method status="PASS" signature="afterClass()[pri:0, instance:sanity.ToDoElectron@c41709a]" name="afterClass" is-config="true" duration-ms="141" started-at="2022-04-03T22:00:02 IDT" finished-at="2022-04-03T22:00:02 IDT">
          <reporter-output>
          </reporter-output>
        </test-method> <!-- afterClass -->
      </class> <!-- sanity.ToDoElectron -->
    </test> <!-- Electron Tests -->
  </suite> <!-- Electron Suite -->
</testng-results>
