<?xml version="1.0" encoding="UTF-8"?>
<!-- Generated by org.testng.reporters.JUnitXMLReporter -->
<testsuite hostname="LAPTOP-V2LQLCOS" ignored="0" name="Electron Tests" tests="5" failures="0" timestamp="2022-04-05T18:25:23 IDT" time="26.213" errors="0">
  <testcase name="test01_addAndVerifyNewTask" time="0.75" classname="sanity.ToDoElectron"/>
  <testcase name="test02_addAndVerifyNewTasks" time="0.931" classname="sanity.ToDoElectron"/>
  <testcase name="test03_addAndVerifyCompletedTasks" time="2.559" classname="sanity.ToDoElectron"/>
  <testcase name="test04_addAndVerifyTodoTasks" time="2.907" classname="sanity.ToDoElectron"/>
  <testcase name="test05_addAndVerifyColorTasks" time="3.08" classname="sanity.ToDoElectron"/>
</testsuite> <!-- Electron Tests -->
