<?xml version="1.0" encoding="UTF-8"?>
<!-- Generated by org.testng.reporters.JUnitXMLReporter -->
<testsuite hostname="LAPTOP-V2LQLCOS" ignored="0" name="Electron Tests" tests="5" failures="0" timestamp="2022-04-04T22:49:22 IDT" time="27.246" errors="0">
  <testcase name="test01_addAndVerifyNewTask" time="0.798" classname="sanity.ToDoElectron"/>
  <testcase name="test02_addAndVerifyNewTasks" time="0.978" classname="sanity.ToDoElectron"/>
  <testcase name="test03_addAndVerifyCompletedTasks" time="2.509" classname="sanity.ToDoElectron"/>
  <testcase name="test04_addAndVerifyTodoTasks" time="3.141" classname="sanity.ToDoElectron"/>
  <testcase name="test05_addAndVerifyColorTasks" time="2.949" classname="sanity.ToDoElectron"/>
</testsuite> <!-- Electron Tests -->
