<?xml version="1.0" encoding="UTF-8"?>
<!-- Generated by org.testng.reporters.JUnitXMLReporter -->
<testsuite hostname="LAPTOP-V2LQLCOS" ignored="0" name="API Tests" tests="6" failures="0" timestamp="2022-03-30T21:55:41 IDT" time="12.992" errors="0">
  <testcase name="test01_verifyBookTitle" time="4.893" classname="sanity.BookAPI"/>
  <testcase name="test02_addNewBook" time="1.131" classname="sanity.BookAPI"/>
  <testcase name="test02_addNewBook" time="0.98" classname="sanity.BookAPI"/>
  <testcase name="test02_addNewBook" time="0.91" classname="sanity.BookAPI"/>
  <testcase name="test03_updateBook" time="0.915" classname="sanity.BookAPI"/>
  <testcase name="test04_deleteAllUserBooks" time="1.124" classname="sanity.BookAPI"/>
</testsuite> <!-- API Tests -->
