<?xml version="1.0" encoding="UTF-8"?>
<!-- Generated by org.testng.reporters.JUnitXMLReporter -->
<testsuite hostname="LAPTOP-V2LQLCOS" ignored="0" name="API Tests" tests="6" failures="0" timestamp="2022-04-04T22:48:10 IDT" time="7.926" errors="0">
  <testcase name="test01_verifyBookTitle" time="2.853" classname="sanity.BookAPI"/>
  <testcase name="test02_addNewBook" time="0.503" classname="sanity.BookAPI"/>
  <testcase name="test02_addNewBook" time="0.465" classname="sanity.BookAPI"/>
  <testcase name="test02_addNewBook" time="0.449" classname="sanity.BookAPI"/>
  <testcase name="test03_updateBook" time="0.459" classname="sanity.BookAPI"/>
  <testcase name="test04_deleteAllUserBooks" time="0.476" classname="sanity.BookAPI"/>
</testsuite> <!-- API Tests -->
