<?xml version="1.0" encoding="UTF-8"?>
<!-- Generated by org.testng.reporters.JUnitXMLReporter -->
<testsuite hostname="LAPTOP-V2LQLCOS" ignored="0" name="Desktop Tests" tests="4" failures="0" timestamp="2022-04-04T22:51:19 IDT" time="18.602" errors="0">
  <testcase name="test01_addTwoNumbers" time="4.013" classname="sanity.CalculatorDesktop"/>
  <testcase name="test02_subtractTwoNumbers" time="3.631" classname="sanity.CalculatorDesktop"/>
  <testcase name="test03_multiplyTwoNumbers" time="3.373" classname="sanity.CalculatorDesktop"/>
  <testcase name="test04_divideTwoNumbers" time="3.61" classname="sanity.CalculatorDesktop"/>
</testsuite> <!-- Desktop Tests -->
