<?xml version="1.0" encoding="UTF-8"?>
<!-- Generated by org.testng.reporters.JUnitXMLReporter -->
<testsuite hostname="LAPTOP-V2LQLCOS" ignored="0" name="Desktop Tests" tests="4" failures="0" timestamp="2022-03-18T11:47:39 IST" time="21.145" errors="0">
  <testcase name="test01_addTwoNumbers" time="5.009" classname="sanity.CalculatorDesktop"/>
  <testcase name="test02_subtractTwoNumbers" time="3.921" classname="sanity.CalculatorDesktop"/>
  <testcase name="test03_multiplyTwoNumbers" time="4.274" classname="sanity.CalculatorDesktop"/>
  <testcase name="test04_divideTwoNumbers" time="4.234" classname="sanity.CalculatorDesktop"/>
</testsuite> <!-- Desktop Tests -->
